lineD:\Lab\MoneyMakingAPP\apks\ToProcess\booth.com.fengye.apk
lineD:\Lab\MoneyMakingAPP\apks\ToProcess\cn.laibiji.dc.apk
lineD:\Lab\MoneyMakingAPP\apks\ToProcess\cn.laibiji.df.apk
lineD:\Lab\MoneyMakingAPP\apks\ToProcess\cn.laibiji.djw.apk
lineD:\Lab\MoneyMakingAPP\apks\ToProcess\cn.laibiji.dm.apk
lineD:\Lab\MoneyMakingAPP\apks\ToProcess\cn.laibiji.kf.apk
lineD:\Lab\MoneyMakingAPP\apks\ToProcess\cn.laibiji.llw.apk
lineD:\Lab\MoneyMakingAPP\apks\ToProcess\cn.laibiji.lm.apk
lineD:\Lab\MoneyMakingAPP\apks\ToProcess\cn.laibiji.mg.apk
lineD:\Lab\MoneyMakingAPP\apks\ToProcess\cn.laibiji.sc.apk
lineD:\Lab\MoneyMakingAPP\apks\ToProcess\cn.laibiji.slh.apk
lineD:\Lab\MoneyMakingAPP\apks\ToProcess\cn.laibiji.th.apk
lineD:\Lab\MoneyMakingAPP\apks\ToProcess\cn.laibiji.yc.apk
lineD:\Lab\MoneyMakingAPP\apks\ToProcess\cn.laibiji.yl.apk
lineD:\Lab\MoneyMakingAPP\apks\ToProcess\cn.laibiji.zj.apk
lineD:\Lab\MoneyMakingAPP\apks\ToProcess\com.dabang.hudie.apk
lineD:\Lab\MoneyMakingAPP\apks\ToProcess\com.egee.caihongweiyue.apk
lineD:\Lab\MoneyMakingAPP\apks\ToProcess\com.egee.douzhuanvideo.apk
lineD:\Lab\MoneyMakingAPP\apks\ToProcess\com.egee.jinniuzhuan.apk
lineD:\Lab\MoneyMakingAPP\apks\ToProcess\com.egee.lefenxiang.apk
lineD:\Lab\MoneyMakingAPP\apks\ToProcess\com.egee.putaozhuan.apk
lineD:\Lab\MoneyMakingAPP\apks\ToProcess\com.egee.shuixianzhuan.apk
lineD:\Lab\MoneyMakingAPP\apks\ToProcess\com.egee.xiaomaizhuan.apk
lineD:\Lab\MoneyMakingAPP\apks\ToProcess\com.egee.xuehuazhuan.apk
lineD:\Lab\MoneyMakingAPP\apks\ToProcess\com.egee.yinghuazhuan.apk
lineD:\Lab\MoneyMakingAPP\apks\ToProcess\com.hnyf.yunka.apk
lineD:\Lab\MoneyMakingAPP\apks\ToProcess\com.huazi.apk
lineD:\Lab\MoneyMakingAPP\apks\ToProcess\com.im.todayz.apk
lineD:\Lab\MoneyMakingAPP\apks\ToProcess\com.iyoyi.news.huameiniao.apk
lineD:\Lab\MoneyMakingAPP\apks\ToProcess\com.iyoyi.news.huangyingkx.apk
lineD:\Lab\MoneyMakingAPP\apks\ToProcess\com.iyoyi.news.huoxingyd.apk
lineD:\Lab\MoneyMakingAPP\apks\ToProcess\com.iyoyi.news.shuimukx.apk
lineD:\Lab\MoneyMakingAPP\apks\ToProcess\com.iyoyi.news.xiuyanniao.apk
lineD:\Lab\MoneyMakingAPP\apks\ToProcess\com.share.share.baocai.apk
lineD:\Lab\MoneyMakingAPP\apks\ToProcess\com.share.share.chuju.apk
lineD:\Lab\MoneyMakingAPP\apks\ToProcess\com.share.share.jinbei.apk
lineD:\Lab\MoneyMakingAPP\apks\ToProcess\com.share.share.jinju.apk
lineD:\Lab\MoneyMakingAPP\apks\ToProcess\com.share.share.mixiong.apk
lineD:\Lab\MoneyMakingAPP\apks\ToProcess\com.share.share.shantao.apk
lineD:\Lab\MoneyMakingAPP\apks\ToProcess\com.share.share.shene.apk
lineD:\Lab\MoneyMakingAPP\apks\ToProcess\com.share.share.xiaobei.apk
lineD:\Lab\MoneyMakingAPP\apks\ToProcess\com.share.share.yangtao.apk
lineD:\Lab\MoneyMakingAPP\apks\ToProcess\com.ssj.tixianwang.apk
lineD:\Lab\MoneyMakingAPP\apks\ToProcess\com.uguonet.qzm.apk
lineD:\Lab\MoneyMakingAPP\apks\ToProcess\com.weiyouzj.kuaibao.apk
lineD:\Lab\MoneyMakingAPP\apks\ToProcess\com.weiyouzj.youwen.apk
lineD:\Lab\MoneyMakingAPP\apks\ToProcess\com.weizhuan.dbx.apk
lineD:\Lab\MoneyMakingAPP\apks\ToProcess\com.weizhuan.dwf.apk
lineD:\Lab\MoneyMakingAPP\apks\ToProcess\com.weizhuan.kfc.apk
lineD:\Lab\MoneyMakingAPP\apks\ToProcess\com.weizhuan.klq.apk
lineD:\Lab\MoneyMakingAPP\apks\ToProcess\com.weizhuan.klw.apk
lineD:\Lab\MoneyMakingAPP\apks\ToProcess\com.weizhuan.ljz.apk
lineD:\Lab\MoneyMakingAPP\apks\ToProcess\com.weizhuan.mtf.apk
lineD:\Lab\MoneyMakingAPP\apks\ToProcess\com.weizhuan.swk.apk
lineD:\Lab\MoneyMakingAPP\apks\ToProcess\com.wyzpyzfwc.apk
lineD:\Lab\MoneyMakingAPP\apks\ToProcess\com.xiangzi.wcz.apk
lineD:\Lab\MoneyMakingAPP\apks\ToProcess\com.xpt.gtx.apk
lineD:\Lab\MoneyMakingAPP\apks\ToProcess\com.xpt.zxc.apk
lineD:\Lab\MoneyMakingAPP\apks\ToProcess\com.xyun.huobaoyuedu.apk
lineD:\Lab\MoneyMakingAPP\apks\ToProcess\com.xyun.jinying.apk
lineD:\Lab\MoneyMakingAPP\apks\ToProcess\com.xyun.tangou.apk
lineD:\Lab\MoneyMakingAPP\apks\ToProcess\com.yg.wz.juzhuan.apk
lineD:\Lab\MoneyMakingAPP\apks\ToProcess\com.yuantu.mfkz.apk
lineD:\Lab\MoneyMakingAPP\apks\ToProcess\com.yxkj.hn_mm.apk
lineD:\Lab\MoneyMakingAPP\apks\ToProcess\com.zhuanxiaomiao.utu.apk
lineD:\Lab\MoneyMakingAPP\apks\ToProcess\com.zwb.weixin.apk
lineD:\Lab\MoneyMakingAPP\apks\ToProcess\uni.UNI8180085.apk
lineD:\Lab\MoneyMakingAPP\apks\ToProcess\xpt.com.hjz.apk
lineD:\Lab\MoneyMakingAPP\apks\ToProcess\xpt.com.jryd.apk
lineD:\Lab\MoneyMakingAPP\apks\ToProcess\xpt.com.ltz.apk
lineD:\Lab\MoneyMakingAPP\apks\ToProcess\xpt.com.myyd.apk
lineD:\Lab\MoneyMakingAPP\apks\ToProcess\xpt.com.qmjz.apk
lineD:\Lab\MoneyMakingAPP\apks\ToProcess\xpt.com.ygz.apk
lineD:\Lab\MoneyMakingAPP\apks\ToProcess\xpt.com.ylz.apk
apk[0] -> D:\Lab\MoneyMakingAPP\apks\ToProcess\booth.com.fengye.apk
skip this step?
D:\Lab\MoneyMakingAPP\apks\ToProcess\booth.com.fengye.apk
-->>flowdroid analyze end


-->>get call graph
--->has call graph?true
---->>>> END >>>>----
apk[1] -> D:\Lab\MoneyMakingAPP\apks\ToProcess\cn.laibiji.dc.apk
skip this step?
D:\Lab\MoneyMakingAPP\apks\ToProcess\cn.laibiji.dc.apk
-->>flowdroid analyze end


-->>get call graph
--->has call graph?true
---->>>> END >>>>----
apk[2] -> D:\Lab\MoneyMakingAPP\apks\ToProcess\cn.laibiji.df.apk
skip this step?
D:\Lab\MoneyMakingAPP\apks\ToProcess\cn.laibiji.df.apk
-->>flowdroid analyze end


-->>get call graph
--->has call graph?true
---->>>> END >>>>----
apk[3] -> D:\Lab\MoneyMakingAPP\apks\ToProcess\cn.laibiji.djw.apk
skip this step?
D:\Lab\MoneyMakingAPP\apks\ToProcess\cn.laibiji.djw.apk
-->>flowdroid analyze end


-->>get call graph
--->has call graph?true
---->>>> END >>>>----
apk[4] -> D:\Lab\MoneyMakingAPP\apks\ToProcess\cn.laibiji.dm.apk
skip this step?
D:\Lab\MoneyMakingAPP\apks\ToProcess\cn.laibiji.dm.apk
-->>flowdroid analyze end


-->>get call graph
--->has call graph?true
---->>>> END >>>>----
apk[5] -> D:\Lab\MoneyMakingAPP\apks\ToProcess\cn.laibiji.kf.apk
skip this step?
D:\Lab\MoneyMakingAPP\apks\ToProcess\cn.laibiji.kf.apk
-->>flowdroid analyze end


-->>get call graph
--->has call graph?true
---->>>> END >>>>----
apk[6] -> D:\Lab\MoneyMakingAPP\apks\ToProcess\cn.laibiji.llw.apk
skip this step?
D:\Lab\MoneyMakingAPP\apks\ToProcess\cn.laibiji.llw.apk
-->>flowdroid analyze end


-->>get call graph
--->has call graph?true
---->>>> END >>>>----
apk[7] -> D:\Lab\MoneyMakingAPP\apks\ToProcess\cn.laibiji.lm.apk
skip this step?
D:\Lab\MoneyMakingAPP\apks\ToProcess\cn.laibiji.lm.apk
-->>flowdroid analyze end


-->>get call graph
--->has call graph?true
---->>>> END >>>>----
apk[8] -> D:\Lab\MoneyMakingAPP\apks\ToProcess\cn.laibiji.mg.apk
skip this step?
D:\Lab\MoneyMakingAPP\apks\ToProcess\cn.laibiji.mg.apk
-->>flowdroid analyze end


-->>get call graph
--->has call graph?true
---->>>> END >>>>----
apk[9] -> D:\Lab\MoneyMakingAPP\apks\ToProcess\cn.laibiji.sc.apk
skip this step?
D:\Lab\MoneyMakingAPP\apks\ToProcess\cn.laibiji.sc.apk
-->>flowdroid analyze end


-->>get call graph
--->has call graph?true
---->>>> END >>>>----
apk[10] -> D:\Lab\MoneyMakingAPP\apks\ToProcess\cn.laibiji.slh.apk
skip this step?
D:\Lab\MoneyMakingAPP\apks\ToProcess\cn.laibiji.slh.apk
-->>flowdroid analyze end


-->>get call graph
--->has call graph?true
---->>>> END >>>>----
apk[11] -> D:\Lab\MoneyMakingAPP\apks\ToProcess\cn.laibiji.th.apk
skip this step?
D:\Lab\MoneyMakingAPP\apks\ToProcess\cn.laibiji.th.apk
-->>flowdroid analyze end


-->>get call graph
--->has call graph?true
---->>>> END >>>>----
apk[12] -> D:\Lab\MoneyMakingAPP\apks\ToProcess\cn.laibiji.yc.apk
skip this step?
D:\Lab\MoneyMakingAPP\apks\ToProcess\cn.laibiji.yc.apk
-->>flowdroid analyze end


-->>get call graph
--->has call graph?true
---->>>> END >>>>----
apk[13] -> D:\Lab\MoneyMakingAPP\apks\ToProcess\cn.laibiji.yl.apk
skip this step?
D:\Lab\MoneyMakingAPP\apks\ToProcess\cn.laibiji.yl.apk
-->>flowdroid analyze end


-->>get call graph
--->has call graph?true
---->>>> END >>>>----
apk[14] -> D:\Lab\MoneyMakingAPP\apks\ToProcess\cn.laibiji.zj.apk
skip this step?
D:\Lab\MoneyMakingAPP\apks\ToProcess\cn.laibiji.zj.apk
-->>flowdroid analyze end


-->>get call graph
--->has call graph?true
---->>>> END >>>>----
apk[15] -> D:\Lab\MoneyMakingAPP\apks\ToProcess\com.dabang.hudie.apk
skip this step?
D:\Lab\MoneyMakingAPP\apks\ToProcess\com.dabang.hudie.apk
-->>flowdroid analyze end


-->>get call graph
--->has call graph?true
---->>>> END >>>>----
apk[16] -> D:\Lab\MoneyMakingAPP\apks\ToProcess\com.egee.caihongweiyue.apk
skip this step?
D:\Lab\MoneyMakingAPP\apks\ToProcess\com.egee.caihongweiyue.apk
-->>flowdroid analyze end


-->>get call graph
--->has call graph?true
---->>>> END >>>>----
apk[17] -> D:\Lab\MoneyMakingAPP\apks\ToProcess\com.egee.douzhuanvideo.apk
skip this step?
D:\Lab\MoneyMakingAPP\apks\ToProcess\com.egee.douzhuanvideo.apk
-->>flowdroid analyze end


-->>get call graph
--->has call graph?true
---->>>> END >>>>----
apk[18] -> D:\Lab\MoneyMakingAPP\apks\ToProcess\com.egee.jinniuzhuan.apk
skip this step?
D:\Lab\MoneyMakingAPP\apks\ToProcess\com.egee.jinniuzhuan.apk
-->>flowdroid analyze end


-->>get call graph
--->has call graph?true
---->>>> END >>>>----
apk[19] -> D:\Lab\MoneyMakingAPP\apks\ToProcess\com.egee.lefenxiang.apk
skip this step?
D:\Lab\MoneyMakingAPP\apks\ToProcess\com.egee.lefenxiang.apk
-->>flowdroid analyze end


-->>get call graph
--->has call graph?true
---->>>> END >>>>----
apk[20] -> D:\Lab\MoneyMakingAPP\apks\ToProcess\com.egee.putaozhuan.apk
skip this step?
D:\Lab\MoneyMakingAPP\apks\ToProcess\com.egee.putaozhuan.apk
-->>flowdroid analyze end


-->>get call graph
--->has call graph?true
---->>>> END >>>>----
apk[21] -> D:\Lab\MoneyMakingAPP\apks\ToProcess\com.egee.shuixianzhuan.apk
skip this step?
D:\Lab\MoneyMakingAPP\apks\ToProcess\com.egee.shuixianzhuan.apk
-->>flowdroid analyze end


-->>get call graph
--->has call graph?true
---->>>> END >>>>----
apk[22] -> D:\Lab\MoneyMakingAPP\apks\ToProcess\com.egee.xiaomaizhuan.apk
skip this step?
D:\Lab\MoneyMakingAPP\apks\ToProcess\com.egee.xiaomaizhuan.apk
-->>flowdroid analyze end


-->>get call graph
--->has call graph?true
---->>>> END >>>>----
apk[23] -> D:\Lab\MoneyMakingAPP\apks\ToProcess\com.egee.xuehuazhuan.apk
skip this step?
D:\Lab\MoneyMakingAPP\apks\ToProcess\com.egee.xuehuazhuan.apk
-->>flowdroid analyze end


-->>get call graph
--->has call graph?true
---->>>> END >>>>----
apk[24] -> D:\Lab\MoneyMakingAPP\apks\ToProcess\com.egee.yinghuazhuan.apk
skip this step?
D:\Lab\MoneyMakingAPP\apks\ToProcess\com.egee.yinghuazhuan.apk
-->>flowdroid analyze end


-->>get call graph
--->has call graph?true
---->>>> END >>>>----
apk[25] -> D:\Lab\MoneyMakingAPP\apks\ToProcess\com.hnyf.yunka.apk
skip this step?
D:\Lab\MoneyMakingAPP\apks\ToProcess\com.hnyf.yunka.apk
-->>flowdroid analyze end


-->>get call graph
--->has call graph?true
---->>>> END >>>>----
apk[26] -> D:\Lab\MoneyMakingAPP\apks\ToProcess\com.huazi.apk
skip this step?
D:\Lab\MoneyMakingAPP\apks\ToProcess\com.huazi.apk
-->>flowdroid analyze end


-->>get call graph
--->has call graph?true
---->>>> END >>>>----
apk[27] -> D:\Lab\MoneyMakingAPP\apks\ToProcess\com.im.todayz.apk
skip this step?
D:\Lab\MoneyMakingAPP\apks\ToProcess\com.im.todayz.apk
-->>flowdroid analyze end


-->>get call graph
--->has call graph?true
---->>>> END >>>>----
apk[28] -> D:\Lab\MoneyMakingAPP\apks\ToProcess\com.iyoyi.news.huameiniao.apk
skip this step?
D:\Lab\MoneyMakingAPP\apks\ToProcess\com.iyoyi.news.huameiniao.apk
-->>flowdroid analyze end


-->>get call graph
--->has call graph?true
---->>>> END >>>>----
apk[29] -> D:\Lab\MoneyMakingAPP\apks\ToProcess\com.iyoyi.news.huangyingkx.apk
skip this step?
D:\Lab\MoneyMakingAPP\apks\ToProcess\com.iyoyi.news.huangyingkx.apk
-->>flowdroid analyze end


-->>get call graph
--->has call graph?true
---->>>> END >>>>----
apk[30] -> D:\Lab\MoneyMakingAPP\apks\ToProcess\com.iyoyi.news.huoxingyd.apk
skip this step?
D:\Lab\MoneyMakingAPP\apks\ToProcess\com.iyoyi.news.huoxingyd.apk
-->>flowdroid analyze end


-->>get call graph
--->has call graph?true
---->>>> END >>>>----
apk[31] -> D:\Lab\MoneyMakingAPP\apks\ToProcess\com.iyoyi.news.shuimukx.apk
skip this step?
D:\Lab\MoneyMakingAPP\apks\ToProcess\com.iyoyi.news.shuimukx.apk
-->>flowdroid analyze end


-->>get call graph
--->has call graph?true
---->>>> END >>>>----
apk[32] -> D:\Lab\MoneyMakingAPP\apks\ToProcess\com.iyoyi.news.xiuyanniao.apk
skip this step?
D:\Lab\MoneyMakingAPP\apks\ToProcess\com.iyoyi.news.xiuyanniao.apk
-->>flowdroid analyze end


-->>get call graph
--->has call graph?true
---->>>> END >>>>----
apk[33] -> D:\Lab\MoneyMakingAPP\apks\ToProcess\com.share.share.baocai.apk
skip this step?
D:\Lab\MoneyMakingAPP\apks\ToProcess\com.share.share.baocai.apk
-->>flowdroid analyze end


-->>get call graph
--->has call graph?true
---->>>> END >>>>----
apk[34] -> D:\Lab\MoneyMakingAPP\apks\ToProcess\com.share.share.chuju.apk
skip this step?
D:\Lab\MoneyMakingAPP\apks\ToProcess\com.share.share.chuju.apk
-->>flowdroid analyze end


-->>get call graph
--->has call graph?true
---->>>> END >>>>----
apk[35] -> D:\Lab\MoneyMakingAPP\apks\ToProcess\com.share.share.jinbei.apk
skip this step?
D:\Lab\MoneyMakingAPP\apks\ToProcess\com.share.share.jinbei.apk
-->>flowdroid analyze end


-->>get call graph
--->has call graph?true
---->>>> END >>>>----
apk[36] -> D:\Lab\MoneyMakingAPP\apks\ToProcess\com.share.share.jinju.apk
skip this step?
D:\Lab\MoneyMakingAPP\apks\ToProcess\com.share.share.jinju.apk
-->>flowdroid analyze end


-->>get call graph
--->has call graph?true
---->>>> END >>>>----
apk[37] -> D:\Lab\MoneyMakingAPP\apks\ToProcess\com.share.share.mixiong.apk
skip this step?
D:\Lab\MoneyMakingAPP\apks\ToProcess\com.share.share.mixiong.apk
-->>flowdroid analyze end


-->>get call graph
--->has call graph?true
---->>>> END >>>>----
apk[38] -> D:\Lab\MoneyMakingAPP\apks\ToProcess\com.share.share.shantao.apk
skip this step?
D:\Lab\MoneyMakingAPP\apks\ToProcess\com.share.share.shantao.apk
-->>flowdroid analyze end


-->>get call graph
--->has call graph?true
---->>>> END >>>>----
apk[39] -> D:\Lab\MoneyMakingAPP\apks\ToProcess\com.share.share.shene.apk
skip this step?
D:\Lab\MoneyMakingAPP\apks\ToProcess\com.share.share.shene.apk
-->>flowdroid analyze end


-->>get call graph
--->has call graph?true
---->>>> END >>>>----
apk[40] -> D:\Lab\MoneyMakingAPP\apks\ToProcess\com.share.share.xiaobei.apk
skip this step?
D:\Lab\MoneyMakingAPP\apks\ToProcess\com.share.share.xiaobei.apk
-->>flowdroid analyze end


-->>get call graph
--->has call graph?true
---->>>> END >>>>----
apk[41] -> D:\Lab\MoneyMakingAPP\apks\ToProcess\com.share.share.yangtao.apk
skip this step?
D:\Lab\MoneyMakingAPP\apks\ToProcess\com.share.share.yangtao.apk
-->>flowdroid analyze end


-->>get call graph
--->has call graph?true
---->>>> END >>>>----
apk[42] -> D:\Lab\MoneyMakingAPP\apks\ToProcess\com.ssj.tixianwang.apk
skip this step?
D:\Lab\MoneyMakingAPP\apks\ToProcess\com.ssj.tixianwang.apk
-->>flowdroid analyze end


-->>get call graph
--->has call graph?true
---->>>> END >>>>----
apk[43] -> D:\Lab\MoneyMakingAPP\apks\ToProcess\com.uguonet.qzm.apk
skip this step?
D:\Lab\MoneyMakingAPP\apks\ToProcess\com.uguonet.qzm.apk
